<?xml version="1.0" encoding="UTF-8"?>
<!-- Generated by org.testng.reporters.JUnitXMLReporter -->
<testsuite hostname="Q15879" name="Testsa" tests="4" failures="0" timestamp="25 Aug 2016 10:36:07 GMT" time="39.459" errors="0">
  <testcase name="Uom" time="9.033" classname="Com.ERP.Master.exectestng"/>
  <testcase name="Uom" time="9.185" classname="Com.ERP.Master.exectestng"/>
  <testcase name="Uom" time="8.992" classname="Com.ERP.Master.exectestng"/>
  <testcase name="Categories" time="9.665" classname="Com.ERP.Master.execcatng"/>
</testsuite> <!-- Testsa -->
